<html>
<head>
<title>TestNG:  Test1_01</title>
<link href="../testng.css" rel="stylesheet" type="text/css" />
<link href="../my-testng.css" rel="stylesheet" type="text/css" />

<style type="text/css">
.log { display: none;} 
.stack-trace { display: none;} 
</style>
<script type="text/javascript">
<!--
function flip(e) {
  current = e.style.display;
  if (current == 'block') {
    e.style.display = 'none';
    return 0;
  }
  else {
    e.style.display = 'block';
    return 1;
  }
}

function toggleBox(szDivId, elem, msg1, msg2)
{
  var res = -1;  if (document.getElementById) {
    res = flip(document.getElementById(szDivId));
  }
  else if (document.all) {
    // this is the way old msie versions work
    res = flip(document.all[szDivId]);
  }
  if(elem) {
    if(res == 0) elem.innerHTML = msg1; else elem.innerHTML = msg2;
  }

}

function toggleAllBoxes() {
  if (document.getElementsByTagName) {
    d = document.getElementsByTagName('div');
    for (i = 0; i < d.length; i++) {
      if (d[i].className == 'log') {
        flip(d[i]);
      }
    }
  }
}

// -->
</script>

</head>
<body>
<h2 align='center'>Test1_01</h2><table border='1' align="center">
<tr>
<td>Tests passed/Failed/Skipped:</td><td>0/0/1</td>
</tr><tr>
<td>Started on:</td><td>Fri Apr 10 11:14:06 PDT 2015</td>
</tr>
<tr><td>Total time:</td><td>1 seconds (1939 ms)</td>
</tr><tr>
<td>Included groups:</td><td></td>
</tr><tr>
<td>Excluded groups:</td><td></td>
</tr>
</table><p/>
<small><i>(Hover the method name to see the test class name)</i></small><p/>
<table width='100%' border='1' class='invocation-failed'>
<tr><td colspan='4' align='center'><b>FAILED CONFIGURATIONS</b></td></tr>
<tr><td><b>Test method</b></td>
<td width="30%"><b>Exception</b></td>
<td width="10%"><b>Time (seconds)</b></td>
<td><b>Instance</b></td>
</tr>
<tr>
<td title='badstore.TestClass1.beforeTest()'><b>beforeTest</b><br>Test class: badstore.TestClass1</td>
<td><div><pre>org.openqa.selenium.NoSuchWindowException: Window not found. The browser window may have been closed.
Command duration or timeout: 180 milliseconds
Build info: version: &apos;2.45.0&apos;, revision: &apos;5017cb8&apos;, time: &apos;2015-02-26 23:59:50&apos;
System info: host: &apos;Admin&apos;, ip: &apos;192.168.56.1&apos;, os.name: &apos;Windows 8.1&apos;, os.arch: &apos;amd64&apos;, os.version: &apos;6.3&apos;, java.version: &apos;1.8.0_11&apos;
Driver info: org.openqa.selenium.firefox.FirefoxDriver
Capabilities [{applicationCacheEnabled=true, rotatable=false, handlesAlerts=true, databaseEnabled=true, version=37.0.1, platform=WINDOWS, nativeEvents=false, acceptSslCerts=true, webStorageEnabled=true, locationContextEnabled=true, browserName=firefox, takesScreenshot=true, javascriptEnabled=true, cssSelectorsEnabled=true}]
Session ID: 95b4f4a4-312a-41d6-9a77-9611b778d6c4
*** Element info: {Using=link text, value=Login / Register}
	at org.openqa.selenium.remote.ErrorHandler.createThrowable(ErrorHandler.java:204)
	at org.openqa.selenium.remote.ErrorHandler.throwIfResponseFailed(ErrorHandler.java:156)
	at org.openqa.selenium.remote.RemoteWebDriver.execute(RemoteWebDriver.java:599)
	at org.openqa.selenium.remote.RemoteWebDriver.findElement(RemoteWebDriver.java:352)
	at org.openqa.selenium.remote.RemoteWebDriver.findElementByLinkText(RemoteWebDriver.java:401)
	at org.openqa.selenium.By$ByLinkText.findElement(By.java:242)
	at org.openqa.selenium.remote.RemoteWebDriver.findElement(RemoteWebDriver.java:344)
	at util.BadStoreTestUtil.highlightElementByLinkText(BadStoreTestUtil.java:29)
	at badstore.TestClass1.userSignup(TestClass1.java:193)
	at badstore.TestClass1.beforeTest(TestClass1.java:68)
	at java.util.concurrent.FutureTask.run(FutureTask.java:266)
	at java.util.concurrent.ThreadPoolExecutor.runWorker(ThreadPoolExecutor.java:1142)
	at java.util.concurrent.ThreadPoolExecutor$Worker.run(ThreadPoolExecutor.java:617)
	at java.lang.Thread.run(Thread.java:745)
Caused by: org.openqa.selenium.NoSuchWindowException: Window not found. The browser window may have been closed.
Build info: version: &apos;2.45.0&apos;, revision: &apos;5017cb8&apos;, time: &apos;2015-02-26 23:59:50&apos;
System info: host: &apos;Admin&apos;, ip: &apos;192.168.56.1&apos;, os.name: &apos;Windows 8.1&apos;, os.arch: &apos;amd64&apos;, os.version: &apos;6.3&apos;, java.version: &apos;1.8.0_11&apos;
Driver info: driver.version: unknown
	at &lt;anonymous class&gt;.nsCommandProcessor.prototype.execute(file:///C:/Users/Swapnil/AppData/Local/Temp/anonymous2075437168732816173webdriver-profile/extensions/fxdriver@googlecode.com/components/command-processor.js:12343)
	at &lt;anonymous class&gt;.Dispatcher.executeAs/&lt;(file:///C:/Users/Swapnil/AppData/Local/Temp/anonymous2075437168732816173webdriver-profile/extensions/fxdriver@googlecode.com/components/driver-component.js:9061)
	at &lt;anonymous class&gt;.Resource.prototype.handle(file:///C:/Users/Swapnil/AppData/Local/Temp/anonymous2075437168732816173webdriver-profile/extensions/fxdriver@googlecode.com/components/driver-component.js:9208)
	at &lt;anonymous class&gt;.Dispatcher.prototype.dispatch(file:///C:/Users/Swapnil/AppData/Local/Temp/anonymous2075437168732816173webdriver-profile/extensions/fxdriver@googlecode.com/components/driver-component.js:9155)
	at &lt;anonymous class&gt;.WebDriverServer/&lt;.handle(file:///C:/Users/Swapnil/AppData/Local/Temp/anonymous2075437168732816173webdriver-profile/extensions/fxdriver@googlecode.com/components/driver-component.js:12128)
	at &lt;anonymous class&gt;.createHandlerFunc/&lt;(file:///C:/Users/Swapnil/AppData/Local/Temp/anonymous2075437168732816173webdriver-profile/extensions/fxdriver@googlecode.com/components/httpd.js:2058)
	at &lt;anonymous class&gt;.ServerHandler.prototype.handleResponse(file:///C:/Users/Swapnil/AppData/Local/Temp/anonymous2075437168732816173webdriver-profile/extensions/fxdriver@googlecode.com/components/httpd.js:2391)
	at &lt;anonymous class&gt;.Connection.prototype.process(file:///C:/Users/Swapnil/AppData/Local/Temp/anonymous2075437168732816173webdriver-profile/extensions/fxdriver@googlecode.com/components/httpd.js:1227)
	at &lt;anonymous class&gt;.RequestReader.prototype._handleResponse(file:///C:/Users/Swapnil/AppData/Local/Temp/anonymous2075437168732816173webdriver-profile/extensions/fxdriver@googlecode.com/components/httpd.js:1681)
	at &lt;anonymous class&gt;.RequestReader.prototype._processBody(file:///C:/Users/Swapnil/AppData/Local/Temp/anonymous2075437168732816173webdriver-profile/extensions/fxdriver@googlecode.com/components/httpd.js:1529)
	at &lt;anonymous class&gt;.RequestReader.prototype.onInputStreamReady(file:///C:/Users/Swapnil/AppData/Local/Temp/anonymous2075437168732816173webdriver-profile/extensions/fxdriver@googlecode.com/components/httpd.js:1397)
... Removed 18 stack frames</pre></div><a href='#' onClick='toggleBox("stack-trace2077828995", this, "Click to show all stack frames", "Click to hide stack frames")'>Click to show all stack frames</a>
<div class='stack-trace' id='stack-trace2077828995'><pre>org.openqa.selenium.NoSuchWindowException: Window not found. The browser window may have been closed.
Command duration or timeout: 180 milliseconds
Build info: version: &apos;2.45.0&apos;, revision: &apos;5017cb8&apos;, time: &apos;2015-02-26 23:59:50&apos;
System info: host: &apos;Admin&apos;, ip: &apos;192.168.56.1&apos;, os.name: &apos;Windows 8.1&apos;, os.arch: &apos;amd64&apos;, os.version: &apos;6.3&apos;, java.version: &apos;1.8.0_11&apos;
Driver info: org.openqa.selenium.firefox.FirefoxDriver
Capabilities [{applicationCacheEnabled=true, rotatable=false, handlesAlerts=true, databaseEnabled=true, version=37.0.1, platform=WINDOWS, nativeEvents=false, acceptSslCerts=true, webStorageEnabled=true, locationContextEnabled=true, browserName=firefox, takesScreenshot=true, javascriptEnabled=true, cssSelectorsEnabled=true}]
Session ID: 95b4f4a4-312a-41d6-9a77-9611b778d6c4
*** Element info: {Using=link text, value=Login / Register}
	at sun.reflect.NativeConstructorAccessorImpl.newInstance0(Native Method)
	at sun.reflect.NativeConstructorAccessorImpl.newInstance(NativeConstructorAccessorImpl.java:62)
	at sun.reflect.DelegatingConstructorAccessorImpl.newInstance(DelegatingConstructorAccessorImpl.java:45)
	at java.lang.reflect.Constructor.newInstance(Constructor.java:408)
	at org.openqa.selenium.remote.ErrorHandler.createThrowable(ErrorHandler.java:204)
	at org.openqa.selenium.remote.ErrorHandler.throwIfResponseFailed(ErrorHandler.java:156)
	at org.openqa.selenium.remote.RemoteWebDriver.execute(RemoteWebDriver.java:599)
	at org.openqa.selenium.remote.RemoteWebDriver.findElement(RemoteWebDriver.java:352)
	at org.openqa.selenium.remote.RemoteWebDriver.findElementByLinkText(RemoteWebDriver.java:401)
	at org.openqa.selenium.By$ByLinkText.findElement(By.java:242)
	at org.openqa.selenium.remote.RemoteWebDriver.findElement(RemoteWebDriver.java:344)
	at util.BadStoreTestUtil.highlightElementByLinkText(BadStoreTestUtil.java:29)
	at badstore.TestClass1.userSignup(TestClass1.java:193)
	at badstore.TestClass1.beforeTest(TestClass1.java:68)
	at sun.reflect.NativeMethodAccessorImpl.invoke0(Native Method)
	at sun.reflect.NativeMethodAccessorImpl.invoke(NativeMethodAccessorImpl.java:62)
	at sun.reflect.DelegatingMethodAccessorImpl.invoke(DelegatingMethodAccessorImpl.java:43)
	at java.lang.reflect.Method.invoke(Method.java:483)
	at org.testng.internal.MethodInvocationHelper.invokeMethod(MethodInvocationHelper.java:84)
	at org.testng.internal.Invoker.invokeConfigurationMethod(Invoker.java:564)
	at org.testng.internal.Invoker.invokeConfigurations(Invoker.java:213)
	at org.testng.internal.Invoker.invokeConfigurations(Invoker.java:138)
	at org.testng.TestRunner.beforeRun(TestRunner.java:641)
	at org.testng.TestRunner.run(TestRunner.java:609)
	at org.testng.SuiteRunner.runTest(SuiteRunner.java:334)
	at org.testng.SuiteRunner.access$000(SuiteRunner.java:37)
	at org.testng.SuiteRunner$SuiteWorker.run(SuiteRunner.java:368)
	at org.testng.internal.thread.ThreadUtil$2.call(ThreadUtil.java:64)
	at java.util.concurrent.FutureTask.run(FutureTask.java:266)
	at java.util.concurrent.ThreadPoolExecutor.runWorker(ThreadPoolExecutor.java:1142)
	at java.util.concurrent.ThreadPoolExecutor$Worker.run(ThreadPoolExecutor.java:617)
	at java.lang.Thread.run(Thread.java:745)
Caused by: org.openqa.selenium.NoSuchWindowException: Window not found. The browser window may have been closed.
Build info: version: &apos;2.45.0&apos;, revision: &apos;5017cb8&apos;, time: &apos;2015-02-26 23:59:50&apos;
System info: host: &apos;Admin&apos;, ip: &apos;192.168.56.1&apos;, os.name: &apos;Windows 8.1&apos;, os.arch: &apos;amd64&apos;, os.version: &apos;6.3&apos;, java.version: &apos;1.8.0_11&apos;
Driver info: driver.version: unknown
	at &lt;anonymous class&gt;.nsCommandProcessor.prototype.execute(file:///C:/Users/Swapnil/AppData/Local/Temp/anonymous2075437168732816173webdriver-profile/extensions/fxdriver@googlecode.com/components/command-processor.js:12343)
	at &lt;anonymous class&gt;.Dispatcher.executeAs/&lt;(file:///C:/Users/Swapnil/AppData/Local/Temp/anonymous2075437168732816173webdriver-profile/extensions/fxdriver@googlecode.com/components/driver-component.js:9061)
	at &lt;anonymous class&gt;.Resource.prototype.handle(file:///C:/Users/Swapnil/AppData/Local/Temp/anonymous2075437168732816173webdriver-profile/extensions/fxdriver@googlecode.com/components/driver-component.js:9208)
	at &lt;anonymous class&gt;.Dispatcher.prototype.dispatch(file:///C:/Users/Swapnil/AppData/Local/Temp/anonymous2075437168732816173webdriver-profile/extensions/fxdriver@googlecode.com/components/driver-component.js:9155)
	at &lt;anonymous class&gt;.WebDriverServer/&lt;.handle(file:///C:/Users/Swapnil/AppData/Local/Temp/anonymous2075437168732816173webdriver-profile/extensions/fxdriver@googlecode.com/components/driver-component.js:12128)
	at &lt;anonymous class&gt;.createHandlerFunc/&lt;(file:///C:/Users/Swapnil/AppData/Local/Temp/anonymous2075437168732816173webdriver-profile/extensions/fxdriver@googlecode.com/components/httpd.js:2058)
	at &lt;anonymous class&gt;.ServerHandler.prototype.handleResponse(file:///C:/Users/Swapnil/AppData/Local/Temp/anonymous2075437168732816173webdriver-profile/extensions/fxdriver@googlecode.com/components/httpd.js:2391)
	at &lt;anonymous class&gt;.Connection.prototype.process(file:///C:/Users/Swapnil/AppData/Local/Temp/anonymous2075437168732816173webdriver-profile/extensions/fxdriver@googlecode.com/components/httpd.js:1227)
	at &lt;anonymous class&gt;.RequestReader.prototype._handleResponse(file:///C:/Users/Swapnil/AppData/Local/Temp/anonymous2075437168732816173webdriver-profile/extensions/fxdriver@googlecode.com/components/httpd.js:1681)
	at &lt;anonymous class&gt;.RequestReader.prototype._processBody(file:///C:/Users/Swapnil/AppData/Local/Temp/anonymous2075437168732816173webdriver-profile/extensions/fxdriver@googlecode.com/components/httpd.js:1529)
	at &lt;anonymous class&gt;.RequestReader.prototype.onInputStreamReady(file:///C:/Users/Swapnil/AppData/Local/Temp/anonymous2075437168732816173webdriver-profile/extensions/fxdriver@googlecode.com/components/httpd.js:1397)
</pre></div></td>
<td>0</td>
<td>null</td></tr>
</table><p>
<table width='100%' border='1' class='invocation-skipped'>
<tr><td colspan='4' align='center'><b>SKIPPED TESTS</b></td></tr>
<tr><td><b>Test method</b></td>
<td width="30%"><b>Exception</b></td>
<td width="10%"><b>Time (seconds)</b></td>
<td><b>Instance</b></td>
</tr>
<tr>
<td title='badstore.TestClass1.sqlInjectionAttackTestOne()'><b>sqlInjectionAttackTestOne</b><br>Test class: badstore.TestClass1</td>
<td></td>
<td>0</td>
<td>badstore.TestClass1@67a631ef</td></tr>
</table><p>
</body>
</html>